DressupAndroid/sociallib/build/intermediates/manifest_merge_blame_file/debug/manifest-merger-blame-debug-report.txt
1<?xml version="1.0" encoding="utf-8"?>
2<manifest xmlns:android="http://schemas.android.com/apk/res/android"
3    package="cn.dreamfruits.sociallib" >
4
5    <uses-sdk android:minSdkVersion="21" />
5-->src/main/AndroidManifest.xml
6
7    <uses-permission android:name="android.permission.READ_PHONE_STATE" />
7-->src/main/AndroidManifest.xml:5:5-75
7-->src/main/AndroidManifest.xml:5:22-72
8
9    <application>
9-->src/main/AndroidManifest.xml:8:5-58:19
10
11        <!-- 微信配置 -->
12        <activity
12-->src/main/AndroidManifest.xml:11:9-16:64
13            android:name="cn.dreamfruits.sociallib.handler.wx.WXEntryActivity"
13-->src/main/AndroidManifest.xml:12:13-55
14            android:exported="true"
14-->src/main/AndroidManifest.xml:13:13-36
15            android:launchMode="singleTop"
15-->src/main/AndroidManifest.xml:14:13-43
16            android:taskAffinity="cn.dreamfruits.yaoguo"
16-->src/main/AndroidManifest.xml:15:13-57
17            android:theme="@android:style/Theme.Translucent" />
17-->src/main/AndroidManifest.xml:16:13-61
18
19        <activity-alias
19-->src/main/AndroidManifest.xml:18:9-22:64
20            android:name="${applicationId}.wxapi.WXEntryActivity"
20-->src/main/AndroidManifest.xml:19:13-66
21            android:exported="true"
21-->src/main/AndroidManifest.xml:20:13-36
22            android:targetActivity="cn.dreamfruits.sociallib.handler.wx.WXEntryActivity"
22-->src/main/AndroidManifest.xml:21:13-65
23            android:theme="@android:style/Theme.Translucent" />
23-->src/main/AndroidManifest.xml:22:13-61
24        <!-- end -->
25
26
27        <!-- QQ配置 -->
28        <activity
28-->src/main/AndroidManifest.xml:26:9-40:20
29            android:name="com.tencent.tauth.AuthActivity"
29-->src/main/AndroidManifest.xml:27:13-58
30            android:exported="true"
30-->src/main/AndroidManifest.xml:28:13-36
31            android:launchMode="singleTask"
31-->src/main/AndroidManifest.xml:29:13-44
32            android:noHistory="true" >
32-->src/main/AndroidManifest.xml:30:13-37
33            <intent-filter>
33-->src/main/AndroidManifest.xml:32:13-39:29
34                <action android:name="android.intent.action.VIEW" />
34-->src/main/AndroidManifest.xml:33:17-69
34-->src/main/AndroidManifest.xml:33:25-66
35
36                <category android:name="android.intent.category.DEFAULT" />
36-->src/main/AndroidManifest.xml:35:17-76
36-->src/main/AndroidManifest.xml:35:27-73
37                <category android:name="android.intent.category.BROWSABLE" />
37-->src/main/AndroidManifest.xml:36:17-78
37-->src/main/AndroidManifest.xml:36:27-75
38
39                <data android:scheme="tencent1112142925" />
39-->src/main/AndroidManifest.xml:38:17-60
39-->src/main/AndroidManifest.xml:38:23-57
40            </intent-filter>
41        </activity>
42        <activity
42-->src/main/AndroidManifest.xml:42:9-46:75
43            android:name="com.tencent.connect.common.AssistActivity"
43-->src/main/AndroidManifest.xml:43:13-69
44            android:configChanges="orientation|keyboardHidden"
44-->src/main/AndroidManifest.xml:44:13-63
45            android:screenOrientation="behind"
45-->src/main/AndroidManifest.xml:45:13-47
46            android:theme="@android:style/Theme.Translucent.NoTitleBar" />
46-->src/main/AndroidManifest.xml:46:13-72
47        <!-- &lt;!&ndash;   end     &ndash;&gt; -->
48        <!-- <provider -->
49        <!-- android:name=".MyProvider" -->
50        <!-- android:authorities="cn.dreamfruits.sociallib.fileprovider" -->
51        <!-- android:exported="false" -->
52        <!-- android:grantUriPermissions="true"> -->
53        <!-- <meta-data -->
54        <!-- android:name="android.support.FILE_PROVIDER_PATHS" -->
55        <!-- android:resource="@xml/file_paths" /> -->
56        <!-- </provider> -->
57
58    </application>
59
60</manifest>